[26-Apr-2025 16:50:10 Europe/Berlin] PHP Warning:  ini_set(): Session ini settings cannot be changed when a session is active in C:\Users\SOKUON DONG\Desktop\POS-SYSTEM-G5\Routers\routers.php on line 3
[26-Apr-2025 16:50:10 Europe/Berlin] PHP Warning:  ini_set(): Session ini settings cannot be changed when a session is active in C:\Users\SOKUON DONG\Desktop\POS-SYSTEM-G5\Routers\routers.php on line 4
[26-Apr-2025 16:50:10 Europe/Berlin] PHP Warning:  ini_set(): Session ini settings cannot be changed when a session is active in C:\Users\SOKUON DONG\Desktop\POS-SYSTEM-G5\Routers\routers.php on line 5
[26-Apr-2025 16:50:10 Europe/Berlin] InventoryModel initialized
[26-Apr-2025 16:50:10 Europe/Berlin] Database connection established to vc1_pos_system
[26-Apr-2025 16:50:10 Europe/Berlin] Database connection established to vc1_pos_system
[26-Apr-2025 16:50:10 Europe/Berlin] Loading view: C:\Users\SOKUON DONG\Desktop\POS-SYSTEM-G5/views/inventory\list.php
[26-Apr-2025 16:50:10 Europe/Berlin] Database connection established to vc1_pos_system
[26-Apr-2025 16:50:10 Europe/Berlin] Loading layout: C:\Users\SOKUON DONG\Desktop\POS-SYSTEM-G5/views/layout.php
[26-Apr-2025 16:50:10 Europe/Berlin] 404 Not Found for /inventory
[26-Apr-2025 16:50:12 Europe/Berlin] PHP Warning:  ini_set(): Session ini settings cannot be changed when a session is active in C:\Users\SOKUON DONG\Desktop\POS-SYSTEM-G5\Routers\routers.php on line 3
[26-Apr-2025 16:50:12 Europe/Berlin] PHP Warning:  ini_set(): Session ini settings cannot be changed when a session is active in C:\Users\SOKUON DONG\Desktop\POS-SYSTEM-G5\Routers\routers.php on line 4
[26-Apr-2025 16:50:12 Europe/Berlin] PHP Warning:  ini_set(): Session ini settings cannot be changed when a session is active in C:\Users\SOKUON DONG\Desktop\POS-SYSTEM-G5\Routers\routers.php on line 5
[26-Apr-2025 16:50:12 Europe/Berlin] Database connection established to vc1_pos_system
[26-Apr-2025 16:50:12 Europe/Berlin] Fetched 13 records
[26-Apr-2025 16:50:12 Europe/Berlin] Today Profit: 0, Expense: 0, New Client Sales: 0, Incoming: 0%
[26-Apr-2025 16:50:12 Europe/Berlin] Fetched 9 inventory items
[26-Apr-2025 16:50:12 Europe/Berlin] Query failed: SELECT product_name, quantity FROM inventory WHERE quantity <= ? ORDER BY quantity ASC - SQLSTATE[42000]: Syntax error or access violation: 1064 You have an error in your SQL syntax; check the manual that corresponds to your MariaDB server version for the right syntax to use near '? ORDER BY quantity ASC' at line 1
[26-Apr-2025 16:50:12 Europe/Berlin] Error fetching low stock items: SQLSTATE[42000]: Syntax error or access violation: 1064 You have an error in your SQL syntax; check the manual that corresponds to your MariaDB server version for the right syntax to use near '? ORDER BY quantity ASC' at line 1
[26-Apr-2025 16:50:12 Europe/Berlin] Fetched 13 reports
[26-Apr-2025 16:50:12 Europe/Berlin] Query failed: SELECT * FROM reports WHERE DATE(created_at) = ? ORDER BY created_at DESC - SQLSTATE[42000]: Syntax error or access violation: 1064 You have an error in your SQL syntax; check the manual that corresponds to your MariaDB server version for the right syntax to use near '? ORDER BY created_at DESC' at line 1
[26-Apr-2025 16:50:12 Europe/Berlin] Error fetching reports by date: SQLSTATE[42000]: Syntax error or access violation: 1064 You have an error in your SQL syntax; check the manual that corresponds to your MariaDB server version for the right syntax to use near '? ORDER BY created_at DESC' at line 1
[26-Apr-2025 16:50:12 Europe/Berlin] Fetched product sales summary with 9 products
[26-Apr-2025 16:50:12 Europe/Berlin] Query failed: SELECT product_name, quantity, created_at 
                                       FROM reports 
                                       WHERE quantity <= ? 
                                       ORDER BY quantity ASC - SQLSTATE[42000]: Syntax error or access violation: 1064 You have an error in your SQL syntax; check the manual that corresponds to your MariaDB server version for the right syntax to use near '? 
                                       ORDER BY quantity ASC' at line 3
[26-Apr-2025 16:50:12 Europe/Berlin] Error fetching low quantity reports: SQLSTATE[42000]: Syntax error or access violation: 1064 You have an error in your SQL syntax; check the manual that corresponds to your MariaDB server version for the right syntax to use near '? 
                                       ORDER BY quantity ASC' at line 3
[26-Apr-2025 16:50:12 Europe/Berlin] Fetched 9 inventory items
[26-Apr-2025 16:50:12 Europe/Berlin] Loading view: C:\Users\SOKUON DONG\Desktop\POS-SYSTEM-G5/views/dashboards\list.php
[26-Apr-2025 16:50:12 Europe/Berlin] PHP Warning:  Undefined variable $stockStatus in C:\Users\SOKUON DONG\Desktop\POS-SYSTEM-G5\views\dashboards\list.php on line 258
[26-Apr-2025 16:50:12 Europe/Berlin] PHP Warning:  Trying to access array offset on value of type null in C:\Users\SOKUON DONG\Desktop\POS-SYSTEM-G5\views\dashboards\list.php on line 258
[26-Apr-2025 16:50:12 Europe/Berlin] Loading layout: C:\Users\SOKUON DONG\Desktop\POS-SYSTEM-G5/views/layout.php
[26-Apr-2025 16:50:12 Europe/Berlin] 404 Not Found for /dashboard
[26-Apr-2025 16:50:13 Europe/Berlin] PHP Warning:  ini_set(): Session ini settings cannot be changed when a session is active in C:\Users\SOKUON DONG\Desktop\POS-SYSTEM-G5\Routers\routers.php on line 3
[26-Apr-2025 16:50:13 Europe/Berlin] PHP Warning:  ini_set(): Session ini settings cannot be changed when a session is active in C:\Users\SOKUON DONG\Desktop\POS-SYSTEM-G5\Routers\routers.php on line 4
[26-Apr-2025 16:50:13 Europe/Berlin] PHP Warning:  ini_set(): Session ini settings cannot be changed when a session is active in C:\Users\SOKUON DONG\Desktop\POS-SYSTEM-G5\Routers\routers.php on line 5
[26-Apr-2025 16:50:13 Europe/Berlin] 404 Not Found for /dashboard/get_stock_status
[26-Apr-2025 16:50:13 Europe/Berlin] 404 Not Found for /dashboard/get_stock_status
[26-Apr-2025 16:50:13 Europe/Berlin] PHP Warning:  ini_set(): Session ini settings cannot be changed when a session is active in C:\Users\SOKUON DONG\Desktop\POS-SYSTEM-G5\Routers\routers.php on line 3
[26-Apr-2025 16:50:13 Europe/Berlin] PHP Warning:  ini_set(): Session ini settings cannot be changed when a session is active in C:\Users\SOKUON DONG\Desktop\POS-SYSTEM-G5\Routers\routers.php on line 4
[26-Apr-2025 16:50:13 Europe/Berlin] PHP Warning:  ini_set(): Session ini settings cannot be changed when a session is active in C:\Users\SOKUON DONG\Desktop\POS-SYSTEM-G5\Routers\routers.php on line 5
[26-Apr-2025 16:50:13 Europe/Berlin] Database connection established to vc1_pos_system
[26-Apr-2025 16:50:13 Europe/Berlin] Database connection established to vc1_pos_system
[26-Apr-2025 16:50:13 Europe/Berlin] InventoryModel initialized
[26-Apr-2025 16:50:13 Europe/Berlin] Database connection established to vc1_pos_system
[26-Apr-2025 16:50:13 Europe/Berlin] Loading view: C:\Users\SOKUON DONG\Desktop\POS-SYSTEM-G5/views/purchase\list.php
[26-Apr-2025 16:50:13 Europe/Berlin] Database connection established to vc1_pos_system
[26-Apr-2025 16:50:13 Europe/Berlin] Loading layout: C:\Users\SOKUON DONG\Desktop\POS-SYSTEM-G5/views/layout.php
[26-Apr-2025 16:50:13 Europe/Berlin] 404 Not Found for /purchase
[26-Apr-2025 16:50:14 Europe/Berlin] PHP Warning:  ini_set(): Session ini settings cannot be changed when a session is active in C:\Users\SOKUON DONG\Desktop\POS-SYSTEM-G5\Routers\routers.php on line 3
[26-Apr-2025 16:50:14 Europe/Berlin] PHP Warning:  ini_set(): Session ini settings cannot be changed when a session is active in C:\Users\SOKUON DONG\Desktop\POS-SYSTEM-G5\Routers\routers.php on line 4
[26-Apr-2025 16:50:14 Europe/Berlin] PHP Warning:  ini_set(): Session ini settings cannot be changed when a session is active in C:\Users\SOKUON DONG\Desktop\POS-SYSTEM-G5\Routers\routers.php on line 5
[26-Apr-2025 16:50:14 Europe/Berlin] InventoryModel initialized
[26-Apr-2025 16:50:14 Europe/Berlin] Database connection established to vc1_pos_system
[26-Apr-2025 16:50:14 Europe/Berlin] Database connection established to vc1_pos_system
[26-Apr-2025 16:50:14 Europe/Berlin] Loading view: C:\Users\SOKUON DONG\Desktop\POS-SYSTEM-G5/views/inventory\list.php
[26-Apr-2025 16:50:14 Europe/Berlin] Database connection established to vc1_pos_system
[26-Apr-2025 16:50:14 Europe/Berlin] Loading layout: C:\Users\SOKUON DONG\Desktop\POS-SYSTEM-G5/views/layout.php
[26-Apr-2025 16:50:14 Europe/Berlin] 404 Not Found for /inventory
[26-Apr-2025 16:50:29 Europe/Berlin] PHP Warning:  ini_set(): Session ini settings cannot be changed when a session is active in C:\Users\SOKUON DONG\Desktop\POS-SYSTEM-G5\Routers\routers.php on line 3
[26-Apr-2025 16:50:29 Europe/Berlin] PHP Warning:  ini_set(): Session ini settings cannot be changed when a session is active in C:\Users\SOKUON DONG\Desktop\POS-SYSTEM-G5\Routers\routers.php on line 4
[26-Apr-2025 16:50:29 Europe/Berlin] PHP Warning:  ini_set(): Session ini settings cannot be changed when a session is active in C:\Users\SOKUON DONG\Desktop\POS-SYSTEM-G5\Routers\routers.php on line 5
[26-Apr-2025 16:50:29 Europe/Berlin] 404 Not Found for /inventory/update
[26-Apr-2025 16:50:29 Europe/Berlin] 404 Not Found for /inventory/update
[26-Apr-2025 16:50:34 Europe/Berlin] PHP Warning:  ini_set(): Session ini settings cannot be changed when a session is active in C:\Users\SOKUON DONG\Desktop\POS-SYSTEM-G5\Routers\routers.php on line 3
[26-Apr-2025 16:50:34 Europe/Berlin] PHP Warning:  ini_set(): Session ini settings cannot be changed when a session is active in C:\Users\SOKUON DONG\Desktop\POS-SYSTEM-G5\Routers\routers.php on line 4
[26-Apr-2025 16:50:34 Europe/Berlin] PHP Warning:  ini_set(): Session ini settings cannot be changed when a session is active in C:\Users\SOKUON DONG\Desktop\POS-SYSTEM-G5\Routers\routers.php on line 5
[26-Apr-2025 16:50:34 Europe/Berlin] 404 Not Found for /inventory/update
[26-Apr-2025 16:50:34 Europe/Berlin] 404 Not Found for /inventory/update
[26-Apr-2025 16:50:36 Europe/Berlin] PHP Warning:  ini_set(): Session ini settings cannot be changed when a session is active in C:\Users\SOKUON DONG\Desktop\POS-SYSTEM-G5\Routers\routers.php on line 3
[26-Apr-2025 16:50:36 Europe/Berlin] PHP Warning:  ini_set(): Session ini settings cannot be changed when a session is active in C:\Users\SOKUON DONG\Desktop\POS-SYSTEM-G5\Routers\routers.php on line 4
[26-Apr-2025 16:50:36 Europe/Berlin] PHP Warning:  ini_set(): Session ini settings cannot be changed when a session is active in C:\Users\SOKUON DONG\Desktop\POS-SYSTEM-G5\Routers\routers.php on line 5
[26-Apr-2025 16:50:36 Europe/Berlin] 404 Not Found for /inventory/update
[26-Apr-2025 16:50:36 Europe/Berlin] 404 Not Found for /inventory/update
[26-Apr-2025 16:50:41 Europe/Berlin] PHP Warning:  ini_set(): Session ini settings cannot be changed when a session is active in C:\Users\SOKUON DONG\Desktop\POS-SYSTEM-G5\Routers\routers.php on line 3
[26-Apr-2025 16:50:41 Europe/Berlin] PHP Warning:  ini_set(): Session ini settings cannot be changed when a session is active in C:\Users\SOKUON DONG\Desktop\POS-SYSTEM-G5\Routers\routers.php on line 4
[26-Apr-2025 16:50:41 Europe/Berlin] PHP Warning:  ini_set(): Session ini settings cannot be changed when a session is active in C:\Users\SOKUON DONG\Desktop\POS-SYSTEM-G5\Routers\routers.php on line 5
[26-Apr-2025 16:50:41 Europe/Berlin] 404 Not Found for /inventory/update
[26-Apr-2025 16:50:41 Europe/Berlin] 404 Not Found for /inventory/update
[26-Apr-2025 16:50:43 Europe/Berlin] PHP Warning:  ini_set(): Session ini settings cannot be changed when a session is active in C:\Users\SOKUON DONG\Desktop\POS-SYSTEM-G5\Routers\routers.php on line 3
[26-Apr-2025 16:50:43 Europe/Berlin] PHP Warning:  ini_set(): Session ini settings cannot be changed when a session is active in C:\Users\SOKUON DONG\Desktop\POS-SYSTEM-G5\Routers\routers.php on line 4
[26-Apr-2025 16:50:43 Europe/Berlin] PHP Warning:  ini_set(): Session ini settings cannot be changed when a session is active in C:\Users\SOKUON DONG\Desktop\POS-SYSTEM-G5\Routers\routers.php on line 5
[26-Apr-2025 16:50:43 Europe/Berlin] 404 Not Found for /inventory/update
[26-Apr-2025 16:50:43 Europe/Berlin] 404 Not Found for /inventory/update
[26-Apr-2025 16:53:54 Europe/Berlin] PHP Warning:  ini_set(): Session ini settings cannot be changed when a session is active in C:\Users\SOKUON DONG\Desktop\POS-SYSTEM-G5\Routers\routers.php on line 3
[26-Apr-2025 16:53:54 Europe/Berlin] PHP Warning:  ini_set(): Session ini settings cannot be changed when a session is active in C:\Users\SOKUON DONG\Desktop\POS-SYSTEM-G5\Routers\routers.php on line 4
[26-Apr-2025 16:53:54 Europe/Berlin] PHP Warning:  ini_set(): Session ini settings cannot be changed when a session is active in C:\Users\SOKUON DONG\Desktop\POS-SYSTEM-G5\Routers\routers.php on line 5
[26-Apr-2025 16:53:54 Europe/Berlin] InventoryModel initialized
[26-Apr-2025 16:53:54 Europe/Berlin] Database connection established to vc1_pos_system
[26-Apr-2025 16:53:54 Europe/Berlin] Database connection established to vc1_pos_system
[26-Apr-2025 16:53:54 Europe/Berlin] Loading view: C:\Users\SOKUON DONG\Desktop\POS-SYSTEM-G5/views/inventory\list.php
[26-Apr-2025 16:53:54 Europe/Berlin] Database connection established to vc1_pos_system
[26-Apr-2025 16:53:54 Europe/Berlin] Loading layout: C:\Users\SOKUON DONG\Desktop\POS-SYSTEM-G5/views/layout.php
[26-Apr-2025 16:53:54 Europe/Berlin] 404 Not Found for /inventory
[26-Apr-2025 16:53:56 Europe/Berlin] PHP Warning:  ini_set(): Session ini settings cannot be changed when a session is active in C:\Users\SOKUON DONG\Desktop\POS-SYSTEM-G5\Routers\routers.php on line 3
[26-Apr-2025 16:53:56 Europe/Berlin] PHP Warning:  ini_set(): Session ini settings cannot be changed when a session is active in C:\Users\SOKUON DONG\Desktop\POS-SYSTEM-G5\Routers\routers.php on line 4
[26-Apr-2025 16:53:56 Europe/Berlin] PHP Warning:  ini_set(): Session ini settings cannot be changed when a session is active in C:\Users\SOKUON DONG\Desktop\POS-SYSTEM-G5\Routers\routers.php on line 5
[26-Apr-2025 16:53:56 Europe/Berlin] InventoryModel initialized
[26-Apr-2025 16:53:56 Europe/Berlin] Database connection established to vc1_pos_system
[26-Apr-2025 16:53:56 Europe/Berlin] Database connection established to vc1_pos_system
[26-Apr-2025 16:53:56 Europe/Berlin] Loading view: C:\Users\SOKUON DONG\Desktop\POS-SYSTEM-G5/views/inventory\list.php
[26-Apr-2025 16:53:56 Europe/Berlin] Database connection established to vc1_pos_system
[26-Apr-2025 16:53:56 Europe/Berlin] Loading layout: C:\Users\SOKUON DONG\Desktop\POS-SYSTEM-G5/views/layout.php
[26-Apr-2025 16:53:56 Europe/Berlin] 404 Not Found for /inventory
[26-Apr-2025 16:54:05 Europe/Berlin] PHP Warning:  ini_set(): Session ini settings cannot be changed when a session is active in C:\Users\SOKUON DONG\Desktop\POS-SYSTEM-G5\Routers\routers.php on line 3
[26-Apr-2025 16:54:05 Europe/Berlin] PHP Warning:  ini_set(): Session ini settings cannot be changed when a session is active in C:\Users\SOKUON DONG\Desktop\POS-SYSTEM-G5\Routers\routers.php on line 4
[26-Apr-2025 16:54:05 Europe/Berlin] PHP Warning:  ini_set(): Session ini settings cannot be changed when a session is active in C:\Users\SOKUON DONG\Desktop\POS-SYSTEM-G5\Routers\routers.php on line 5
[26-Apr-2025 16:54:05 Europe/Berlin] InventoryModel initialized
[26-Apr-2025 16:54:05 Europe/Berlin] Database connection established to vc1_pos_system
[26-Apr-2025 16:54:05 Europe/Berlin] Database connection established to vc1_pos_system
[26-Apr-2025 16:54:05 Europe/Berlin] Reached /inventory/update
[26-Apr-2025 16:54:05 Europe/Berlin] Update POST: Array
(
    [_token] => b8ba9903550c8f1d4443dc8bf8681376c66c47249a9ff2dcd157c811826a10c9
    [id] => 580
    [product_name] => Prenge
    [category_id] => 65
    [quantity] => 10
    [amount] => 3.00
    [expiration_date] => 2025-04-26
    [selling_price] => 4.5
    [barcode] => 1234567891240
)

[26-Apr-2025 16:54:05 Europe/Berlin] Update FILES: Array
(
    [image] => Array
        (
            [name] => 
            [full_path] => 
            [type] => 
            [tmp_name] => 
            [error] => 4
            [size] => 0
        )

)

[26-Apr-2025 16:54:05 Europe/Berlin] Session CSRF Token: b8ba9903550c8f1d4443dc8bf8681376c66c47249a9ff2dcd157c811826a10c9
[26-Apr-2025 16:54:05 Europe/Berlin] Received CSRF Token: b8ba9903550c8f1d4443dc8bf8681376c66c47249a9ff2dcd157c811826a10c9
[26-Apr-2025 16:54:05 Europe/Berlin] Attempting to update inventory id=580 with data: {"category_id":"65","category_name":"Salvador Sheppard","product_name":"Prenge","quantity":10,"amount":3,"selling_price":4.5,"total_price":30,"expiration_date":"2025-04-26","image":".\/Uploads\/images\/image_680b8a6e02aa7.png","barcode":"1234567891240"}
[26-Apr-2025 16:54:05 Europe/Berlin] Updated inventory id 580 successfully
[26-Apr-2025 16:54:05 Europe/Berlin] Sending response: status=200, response={"success":true,"message":"Inventory updated successfully."}
[26-Apr-2025 16:54:06 Europe/Berlin] PHP Warning:  ini_set(): Session ini settings cannot be changed when a session is active in C:\Users\SOKUON DONG\Desktop\POS-SYSTEM-G5\Routers\routers.php on line 3
[26-Apr-2025 16:54:06 Europe/Berlin] PHP Warning:  ini_set(): Session ini settings cannot be changed when a session is active in C:\Users\SOKUON DONG\Desktop\POS-SYSTEM-G5\Routers\routers.php on line 4
[26-Apr-2025 16:54:06 Europe/Berlin] PHP Warning:  ini_set(): Session ini settings cannot be changed when a session is active in C:\Users\SOKUON DONG\Desktop\POS-SYSTEM-G5\Routers\routers.php on line 5
[26-Apr-2025 16:54:06 Europe/Berlin] InventoryModel initialized
[26-Apr-2025 16:54:06 Europe/Berlin] Database connection established to vc1_pos_system
[26-Apr-2025 16:54:06 Europe/Berlin] Database connection established to vc1_pos_system
[26-Apr-2025 16:54:06 Europe/Berlin] Loading view: C:\Users\SOKUON DONG\Desktop\POS-SYSTEM-G5/views/inventory\list.php
[26-Apr-2025 16:54:06 Europe/Berlin] Database connection established to vc1_pos_system
[26-Apr-2025 16:54:06 Europe/Berlin] Loading layout: C:\Users\SOKUON DONG\Desktop\POS-SYSTEM-G5/views/layout.php
[26-Apr-2025 16:54:06 Europe/Berlin] 404 Not Found for /inventory
[26-Apr-2025 16:54:10 Europe/Berlin] PHP Warning:  ini_set(): Session ini settings cannot be changed when a session is active in C:\Users\SOKUON DONG\Desktop\POS-SYSTEM-G5\Routers\routers.php on line 3
[26-Apr-2025 16:54:10 Europe/Berlin] PHP Warning:  ini_set(): Session ini settings cannot be changed when a session is active in C:\Users\SOKUON DONG\Desktop\POS-SYSTEM-G5\Routers\routers.php on line 4
[26-Apr-2025 16:54:10 Europe/Berlin] PHP Warning:  ini_set(): Session ini settings cannot be changed when a session is active in C:\Users\SOKUON DONG\Desktop\POS-SYSTEM-G5\Routers\routers.php on line 5
[26-Apr-2025 16:54:10 Europe/Berlin] Database connection established to vc1_pos_system
[26-Apr-2025 16:54:10 Europe/Berlin] Loading view: C:\Users\SOKUON DONG\Desktop\POS-SYSTEM-G5/views/products\list.php
[26-Apr-2025 16:54:10 Europe/Berlin] Database connection established to vc1_pos_system
[26-Apr-2025 16:54:10 Europe/Berlin] Loading layout: C:\Users\SOKUON DONG\Desktop\POS-SYSTEM-G5/views/layout.php
[26-Apr-2025 16:54:10 Europe/Berlin] 404 Not Found for /products
[26-Apr-2025 16:54:23 Europe/Berlin] PHP Warning:  ini_set(): Session ini settings cannot be changed when a session is active in C:\Users\SOKUON DONG\Desktop\POS-SYSTEM-G5\Routers\routers.php on line 3
[26-Apr-2025 16:54:23 Europe/Berlin] PHP Warning:  ini_set(): Session ini settings cannot be changed when a session is active in C:\Users\SOKUON DONG\Desktop\POS-SYSTEM-G5\Routers\routers.php on line 4
[26-Apr-2025 16:54:23 Europe/Berlin] PHP Warning:  ini_set(): Session ini settings cannot be changed when a session is active in C:\Users\SOKUON DONG\Desktop\POS-SYSTEM-G5\Routers\routers.php on line 5
[26-Apr-2025 16:54:23 Europe/Berlin] Database connection established to vc1_pos_system
[26-Apr-2025 16:54:23 Europe/Berlin] Loading view: C:\Users\SOKUON DONG\Desktop\POS-SYSTEM-G5/views/products\list.php
[26-Apr-2025 16:54:23 Europe/Berlin] Database connection established to vc1_pos_system
[26-Apr-2025 16:54:23 Europe/Berlin] Loading layout: C:\Users\SOKUON DONG\Desktop\POS-SYSTEM-G5/views/layout.php
[26-Apr-2025 16:54:23 Europe/Berlin] 404 Not Found for /products
[26-Apr-2025 16:54:29 Europe/Berlin] PHP Warning:  ini_set(): Session ini settings cannot be changed when a session is active in C:\Users\SOKUON DONG\Desktop\POS-SYSTEM-G5\Routers\routers.php on line 3
[26-Apr-2025 16:54:29 Europe/Berlin] PHP Warning:  ini_set(): Session ini settings cannot be changed when a session is active in C:\Users\SOKUON DONG\Desktop\POS-SYSTEM-G5\Routers\routers.php on line 4
[26-Apr-2025 16:54:29 Europe/Berlin] PHP Warning:  ini_set(): Session ini settings cannot be changed when a session is active in C:\Users\SOKUON DONG\Desktop\POS-SYSTEM-G5\Routers\routers.php on line 5
[26-Apr-2025 16:54:29 Europe/Berlin] Database connection established to vc1_pos_system
[26-Apr-2025 16:54:29 Europe/Berlin] Loading view: C:\Users\SOKUON DONG\Desktop\POS-SYSTEM-G5/views/products\list.php
[26-Apr-2025 16:54:29 Europe/Berlin] Database connection established to vc1_pos_system
[26-Apr-2025 16:54:29 Europe/Berlin] Loading layout: C:\Users\SOKUON DONG\Desktop\POS-SYSTEM-G5/views/layout.php
[26-Apr-2025 16:54:29 Europe/Berlin] 404 Not Found for /products
[26-Apr-2025 16:54:32 Europe/Berlin] PHP Warning:  ini_set(): Session ini settings cannot be changed when a session is active in C:\Users\SOKUON DONG\Desktop\POS-SYSTEM-G5\Routers\routers.php on line 3
[26-Apr-2025 16:54:32 Europe/Berlin] PHP Warning:  ini_set(): Session ini settings cannot be changed when a session is active in C:\Users\SOKUON DONG\Desktop\POS-SYSTEM-G5\Routers\routers.php on line 4
[26-Apr-2025 16:54:32 Europe/Berlin] PHP Warning:  ini_set(): Session ini settings cannot be changed when a session is active in C:\Users\SOKUON DONG\Desktop\POS-SYSTEM-G5\Routers\routers.php on line 5
[26-Apr-2025 16:54:32 Europe/Berlin] InventoryModel initialized
[26-Apr-2025 16:54:32 Europe/Berlin] Database connection established to vc1_pos_system
[26-Apr-2025 16:54:32 Europe/Berlin] Database connection established to vc1_pos_system
[26-Apr-2025 16:54:32 Europe/Berlin] Loading view: C:\Users\SOKUON DONG\Desktop\POS-SYSTEM-G5/views/inventory\list.php
[26-Apr-2025 16:54:32 Europe/Berlin] Database connection established to vc1_pos_system
[26-Apr-2025 16:54:32 Europe/Berlin] Loading layout: C:\Users\SOKUON DONG\Desktop\POS-SYSTEM-G5/views/layout.php
[26-Apr-2025 16:54:32 Europe/Berlin] 404 Not Found for /inventory
[26-Apr-2025 16:54:51 Europe/Berlin] PHP Warning:  ini_set(): Session ini settings cannot be changed when a session is active in C:\Users\SOKUON DONG\Desktop\POS-SYSTEM-G5\Routers\routers.php on line 3
[26-Apr-2025 16:54:51 Europe/Berlin] PHP Warning:  ini_set(): Session ini settings cannot be changed when a session is active in C:\Users\SOKUON DONG\Desktop\POS-SYSTEM-G5\Routers\routers.php on line 4
[26-Apr-2025 16:54:51 Europe/Berlin] PHP Warning:  ini_set(): Session ini settings cannot be changed when a session is active in C:\Users\SOKUON DONG\Desktop\POS-SYSTEM-G5\Routers\routers.php on line 5
[26-Apr-2025 16:54:51 Europe/Berlin] InventoryModel initialized
[26-Apr-2025 16:54:51 Europe/Berlin] Database connection established to vc1_pos_system
[26-Apr-2025 16:54:51 Europe/Berlin] Database connection established to vc1_pos_system
[26-Apr-2025 16:54:51 Europe/Berlin] Reached /inventory/update
[26-Apr-2025 16:54:51 Europe/Berlin] Update POST: Array
(
    [_token] => b8ba9903550c8f1d4443dc8bf8681376c66c47249a9ff2dcd157c811826a10c9
    [id] => 580
    [product_name] => Prenge
    [category_id] => 65
    [quantity] => 10
    [amount] => 3.00
    [expiration_date] => 2025-04-26
    [selling_price] => 4.5
    [barcode] => 1234567891240
)

[26-Apr-2025 16:54:51 Europe/Berlin] Update FILES: Array
(
    [image] => Array
        (
            [name] => 67e78d942eb6a-Cocktail machine.png
            [full_path] => 67e78d942eb6a-Cocktail machine.png
            [type] => image/png
            [tmp_name] => C:\xampp\tmp\php57B7.tmp
            [error] => 0
            [size] => 78604
        )

)

[26-Apr-2025 16:54:51 Europe/Berlin] Session CSRF Token: b8ba9903550c8f1d4443dc8bf8681376c66c47249a9ff2dcd157c811826a10c9
[26-Apr-2025 16:54:51 Europe/Berlin] Received CSRF Token: b8ba9903550c8f1d4443dc8bf8681376c66c47249a9ff2dcd157c811826a10c9
[26-Apr-2025 16:54:51 Europe/Berlin] Successfully uploaded image to Uploads/680cf3bb794ca-67e78d942eb6a-Cocktail machine.png
[26-Apr-2025 16:54:51 Europe/Berlin] Attempting to update inventory id=580 with data: {"category_id":"65","category_name":"Salvador Sheppard","product_name":"Prenge","quantity":10,"amount":3,"selling_price":4.5,"total_price":30,"expiration_date":"2025-04-26","image":"Uploads\/680cf3bb794ca-67e78d942eb6a-Cocktail machine.png","barcode":"1234567891240"}
[26-Apr-2025 16:54:51 Europe/Berlin] Updated inventory id 580 successfully
[26-Apr-2025 16:54:51 Europe/Berlin] Sending response: status=200, response={"success":true,"message":"Inventory updated successfully."}
[26-Apr-2025 16:54:52 Europe/Berlin] PHP Warning:  ini_set(): Session ini settings cannot be changed when a session is active in C:\Users\SOKUON DONG\Desktop\POS-SYSTEM-G5\Routers\routers.php on line 3
[26-Apr-2025 16:54:52 Europe/Berlin] PHP Warning:  ini_set(): Session ini settings cannot be changed when a session is active in C:\Users\SOKUON DONG\Desktop\POS-SYSTEM-G5\Routers\routers.php on line 4
[26-Apr-2025 16:54:52 Europe/Berlin] PHP Warning:  ini_set(): Session ini settings cannot be changed when a session is active in C:\Users\SOKUON DONG\Desktop\POS-SYSTEM-G5\Routers\routers.php on line 5
[26-Apr-2025 16:54:52 Europe/Berlin] InventoryModel initialized
[26-Apr-2025 16:54:52 Europe/Berlin] Database connection established to vc1_pos_system
[26-Apr-2025 16:54:52 Europe/Berlin] Database connection established to vc1_pos_system
[26-Apr-2025 16:54:52 Europe/Berlin] Loading view: C:\Users\SOKUON DONG\Desktop\POS-SYSTEM-G5/views/inventory\list.php
[26-Apr-2025 16:54:52 Europe/Berlin] Database connection established to vc1_pos_system
[26-Apr-2025 16:54:52 Europe/Berlin] Loading layout: C:\Users\SOKUON DONG\Desktop\POS-SYSTEM-G5/views/layout.php
[26-Apr-2025 16:54:52 Europe/Berlin] 404 Not Found for /inventory
[26-Apr-2025 16:54:55 Europe/Berlin] PHP Warning:  ini_set(): Session ini settings cannot be changed when a session is active in C:\Users\SOKUON DONG\Desktop\POS-SYSTEM-G5\Routers\routers.php on line 3
[26-Apr-2025 16:54:55 Europe/Berlin] PHP Warning:  ini_set(): Session ini settings cannot be changed when a session is active in C:\Users\SOKUON DONG\Desktop\POS-SYSTEM-G5\Routers\routers.php on line 4
[26-Apr-2025 16:54:55 Europe/Berlin] PHP Warning:  ini_set(): Session ini settings cannot be changed when a session is active in C:\Users\SOKUON DONG\Desktop\POS-SYSTEM-G5\Routers\routers.php on line 5
[26-Apr-2025 16:54:56 Europe/Berlin] Database connection established to vc1_pos_system
[26-Apr-2025 16:54:56 Europe/Berlin] Loading view: C:\Users\SOKUON DONG\Desktop\POS-SYSTEM-G5/views/products\list.php
[26-Apr-2025 16:54:56 Europe/Berlin] Database connection established to vc1_pos_system
[26-Apr-2025 16:54:56 Europe/Berlin] Loading layout: C:\Users\SOKUON DONG\Desktop\POS-SYSTEM-G5/views/layout.php
[26-Apr-2025 16:54:56 Europe/Berlin] 404 Not Found for /products
[26-Apr-2025 16:54:57 Europe/Berlin] PHP Warning:  ini_set(): Session ini settings cannot be changed when a session is active in C:\Users\SOKUON DONG\Desktop\POS-SYSTEM-G5\Routers\routers.php on line 3
[26-Apr-2025 16:54:57 Europe/Berlin] PHP Warning:  ini_set(): Session ini settings cannot be changed when a session is active in C:\Users\SOKUON DONG\Desktop\POS-SYSTEM-G5\Routers\routers.php on line 4
[26-Apr-2025 16:54:57 Europe/Berlin] PHP Warning:  ini_set(): Session ini settings cannot be changed when a session is active in C:\Users\SOKUON DONG\Desktop\POS-SYSTEM-G5\Routers\routers.php on line 5
[26-Apr-2025 16:54:57 Europe/Berlin] Database connection established to vc1_pos_system
[26-Apr-2025 16:54:57 Europe/Berlin] Database connection established to vc1_pos_system
[26-Apr-2025 16:54:57 Europe/Berlin] InventoryModel initialized
[26-Apr-2025 16:54:57 Europe/Berlin] Database connection established to vc1_pos_system
[26-Apr-2025 16:54:57 Europe/Berlin] Loading view: C:\Users\SOKUON DONG\Desktop\POS-SYSTEM-G5/views/purchase\list.php
[26-Apr-2025 16:54:57 Europe/Berlin] Database connection established to vc1_pos_system
[26-Apr-2025 16:54:57 Europe/Berlin] Loading layout: C:\Users\SOKUON DONG\Desktop\POS-SYSTEM-G5/views/layout.php
[26-Apr-2025 16:54:57 Europe/Berlin] 404 Not Found for /purchase
[26-Apr-2025 16:54:59 Europe/Berlin] PHP Warning:  ini_set(): Session ini settings cannot be changed when a session is active in C:\Users\SOKUON DONG\Desktop\POS-SYSTEM-G5\Routers\routers.php on line 3
[26-Apr-2025 16:54:59 Europe/Berlin] PHP Warning:  ini_set(): Session ini settings cannot be changed when a session is active in C:\Users\SOKUON DONG\Desktop\POS-SYSTEM-G5\Routers\routers.php on line 4
[26-Apr-2025 16:54:59 Europe/Berlin] PHP Warning:  ini_set(): Session ini settings cannot be changed when a session is active in C:\Users\SOKUON DONG\Desktop\POS-SYSTEM-G5\Routers\routers.php on line 5
[26-Apr-2025 16:54:59 Europe/Berlin] Database connection established to vc1_pos_system
[26-Apr-2025 16:54:59 Europe/Berlin] Fetched 13 records
[26-Apr-2025 16:54:59 Europe/Berlin] Today Profit: 0, Expense: 0, New Client Sales: 0, Incoming: 0%
[26-Apr-2025 16:54:59 Europe/Berlin] Fetched 9 inventory items
[26-Apr-2025 16:54:59 Europe/Berlin] Query failed: SELECT product_name, quantity FROM inventory WHERE quantity <= ? ORDER BY quantity ASC - SQLSTATE[42000]: Syntax error or access violation: 1064 You have an error in your SQL syntax; check the manual that corresponds to your MariaDB server version for the right syntax to use near '? ORDER BY quantity ASC' at line 1
[26-Apr-2025 16:54:59 Europe/Berlin] Error fetching low stock items: SQLSTATE[42000]: Syntax error or access violation: 1064 You have an error in your SQL syntax; check the manual that corresponds to your MariaDB server version for the right syntax to use near '? ORDER BY quantity ASC' at line 1
[26-Apr-2025 16:54:59 Europe/Berlin] Fetched 13 reports
[26-Apr-2025 16:54:59 Europe/Berlin] Query failed: SELECT * FROM reports WHERE DATE(created_at) = ? ORDER BY created_at DESC - SQLSTATE[42000]: Syntax error or access violation: 1064 You have an error in your SQL syntax; check the manual that corresponds to your MariaDB server version for the right syntax to use near '? ORDER BY created_at DESC' at line 1
[26-Apr-2025 16:54:59 Europe/Berlin] Error fetching reports by date: SQLSTATE[42000]: Syntax error or access violation: 1064 You have an error in your SQL syntax; check the manual that corresponds to your MariaDB server version for the right syntax to use near '? ORDER BY created_at DESC' at line 1
[26-Apr-2025 16:54:59 Europe/Berlin] Fetched product sales summary with 9 products
[26-Apr-2025 16:54:59 Europe/Berlin] Query failed: SELECT product_name, quantity, created_at 
                                       FROM reports 
                                       WHERE quantity <= ? 
                                       ORDER BY quantity ASC - SQLSTATE[42000]: Syntax error or access violation: 1064 You have an error in your SQL syntax; check the manual that corresponds to your MariaDB server version for the right syntax to use near '? 
                                       ORDER BY quantity ASC' at line 3
[26-Apr-2025 16:54:59 Europe/Berlin] Error fetching low quantity reports: SQLSTATE[42000]: Syntax error or access violation: 1064 You have an error in your SQL syntax; check the manual that corresponds to your MariaDB server version for the right syntax to use near '? 
                                       ORDER BY quantity ASC' at line 3
[26-Apr-2025 16:54:59 Europe/Berlin] Fetched 9 inventory items
[26-Apr-2025 16:54:59 Europe/Berlin] Loading view: C:\Users\SOKUON DONG\Desktop\POS-SYSTEM-G5/views/dashboards\list.php
[26-Apr-2025 16:54:59 Europe/Berlin] PHP Warning:  Undefined variable $stockStatus in C:\Users\SOKUON DONG\Desktop\POS-SYSTEM-G5\views\dashboards\list.php on line 258
[26-Apr-2025 16:54:59 Europe/Berlin] PHP Warning:  Trying to access array offset on value of type null in C:\Users\SOKUON DONG\Desktop\POS-SYSTEM-G5\views\dashboards\list.php on line 258
[26-Apr-2025 16:54:59 Europe/Berlin] Loading layout: C:\Users\SOKUON DONG\Desktop\POS-SYSTEM-G5/views/layout.php
[26-Apr-2025 16:54:59 Europe/Berlin] 404 Not Found for /dashboard
[26-Apr-2025 16:55:00 Europe/Berlin] PHP Warning:  ini_set(): Session ini settings cannot be changed when a session is active in C:\Users\SOKUON DONG\Desktop\POS-SYSTEM-G5\Routers\routers.php on line 3
[26-Apr-2025 16:55:00 Europe/Berlin] PHP Warning:  ini_set(): Session ini settings cannot be changed when a session is active in C:\Users\SOKUON DONG\Desktop\POS-SYSTEM-G5\Routers\routers.php on line 4
[26-Apr-2025 16:55:00 Europe/Berlin] PHP Warning:  ini_set(): Session ini settings cannot be changed when a session is active in C:\Users\SOKUON DONG\Desktop\POS-SYSTEM-G5\Routers\routers.php on line 5
[26-Apr-2025 16:55:00 Europe/Berlin] 404 Not Found for /dashboard/get_stock_status
[26-Apr-2025 16:55:00 Europe/Berlin] 404 Not Found for /dashboard/get_stock_status
[26-Apr-2025 16:55:00 Europe/Berlin] PHP Warning:  ini_set(): Session ini settings cannot be changed when a session is active in C:\Users\SOKUON DONG\Desktop\POS-SYSTEM-G5\Routers\routers.php on line 3
[26-Apr-2025 16:55:00 Europe/Berlin] PHP Warning:  ini_set(): Session ini settings cannot be changed when a session is active in C:\Users\SOKUON DONG\Desktop\POS-SYSTEM-G5\Routers\routers.php on line 4
[26-Apr-2025 16:55:00 Europe/Berlin] PHP Warning:  ini_set(): Session ini settings cannot be changed when a session is active in C:\Users\SOKUON DONG\Desktop\POS-SYSTEM-G5\Routers\routers.php on line 5
[26-Apr-2025 16:55:00 Europe/Berlin] Database connection established to vc1_pos_system
[26-Apr-2025 16:55:00 Europe/Berlin] Database connection established to vc1_pos_system
[26-Apr-2025 16:55:00 Europe/Berlin] InventoryModel initialized
[26-Apr-2025 16:55:00 Europe/Berlin] Database connection established to vc1_pos_system
[26-Apr-2025 16:55:00 Europe/Berlin] Loading view: C:\Users\SOKUON DONG\Desktop\POS-SYSTEM-G5/views/purchase\list.php
[26-Apr-2025 16:55:00 Europe/Berlin] Database connection established to vc1_pos_system
[26-Apr-2025 16:55:00 Europe/Berlin] Loading layout: C:\Users\SOKUON DONG\Desktop\POS-SYSTEM-G5/views/layout.php
[26-Apr-2025 16:55:00 Europe/Berlin] 404 Not Found for /purchase
[26-Apr-2025 16:55:03 Europe/Berlin] PHP Warning:  ini_set(): Session ini settings cannot be changed when a session is active in C:\Users\SOKUON DONG\Desktop\POS-SYSTEM-G5\Routers\routers.php on line 3
[26-Apr-2025 16:55:03 Europe/Berlin] PHP Warning:  ini_set(): Session ini settings cannot be changed when a session is active in C:\Users\SOKUON DONG\Desktop\POS-SYSTEM-G5\Routers\routers.php on line 4
[26-Apr-2025 16:55:03 Europe/Berlin] PHP Warning:  ini_set(): Session ini settings cannot be changed when a session is active in C:\Users\SOKUON DONG\Desktop\POS-SYSTEM-G5\Routers\routers.php on line 5
[26-Apr-2025 16:55:03 Europe/Berlin] Database connection established to vc1_pos_system
[26-Apr-2025 16:55:03 Europe/Berlin] Database connection established to vc1_pos_system
[26-Apr-2025 16:55:03 Europe/Berlin] InventoryModel initialized
[26-Apr-2025 16:55:03 Europe/Berlin] Database connection established to vc1_pos_system
[26-Apr-2025 16:55:03 Europe/Berlin] Loading view: C:\Users\SOKUON DONG\Desktop\POS-SYSTEM-G5/views/purchase\edit.php
[26-Apr-2025 16:55:03 Europe/Berlin] Loading layout: C:\Users\SOKUON DONG\Desktop\POS-SYSTEM-G5/views/layout.php
[26-Apr-2025 16:55:03 Europe/Berlin] Database connection established to vc1_pos_system
[26-Apr-2025 16:55:03 Europe/Berlin] 404 Not Found for /purchase/edit/186
[26-Apr-2025 16:55:09 Europe/Berlin] PHP Warning:  ini_set(): Session ini settings cannot be changed when a session is active in C:\Users\SOKUON DONG\Desktop\POS-SYSTEM-G5\Routers\routers.php on line 3
[26-Apr-2025 16:55:09 Europe/Berlin] PHP Warning:  ini_set(): Session ini settings cannot be changed when a session is active in C:\Users\SOKUON DONG\Desktop\POS-SYSTEM-G5\Routers\routers.php on line 4
[26-Apr-2025 16:55:09 Europe/Berlin] PHP Warning:  ini_set(): Session ini settings cannot be changed when a session is active in C:\Users\SOKUON DONG\Desktop\POS-SYSTEM-G5\Routers\routers.php on line 5
[26-Apr-2025 16:55:09 Europe/Berlin] Database connection established to vc1_pos_system
[26-Apr-2025 16:55:09 Europe/Berlin] Database connection established to vc1_pos_system
[26-Apr-2025 16:55:09 Europe/Berlin] InventoryModel initialized
[26-Apr-2025 16:55:09 Europe/Berlin] Database connection established to vc1_pos_system
[26-Apr-2025 16:55:09 Europe/Berlin] PHP Fatal error:  Uncaught Exception: Error executing query: SQLSTATE[23000]: Integrity constraint violation: 1062 Duplicate entry '' for key 'barcode' in C:\Users\SOKUON DONG\Desktop\POS-SYSTEM-G5\Models\PurchaseModel.php:128
Stack trace:
#0 C:\Users\SOKUON DONG\Desktop\POS-SYSTEM-G5\Models\PurchaseModel.php(86): PurchaseModel->executeQuery('UPDATE purchase...', Array)
#1 C:\Users\SOKUON DONG\Desktop\POS-SYSTEM-G5\Controllers\PurchaseController.php(220): PurchaseModel->updatePurchase('186', Array)
#2 C:\Users\SOKUON DONG\Desktop\POS-SYSTEM-G5\Routers\Router.php(56): PurchaseController->update('186')
#3 C:\Users\SOKUON DONG\Desktop\POS-SYSTEM-G5\Routers\routers.php(111): Router->dispatch()
#4 C:\Users\SOKUON DONG\Desktop\POS-SYSTEM-G5\index.php(16): require_once('C:\\Users\\SOKUON...')
#5 {main}
  thrown in C:\Users\SOKUON DONG\Desktop\POS-SYSTEM-G5\Models\PurchaseModel.php on line 128
[26-Apr-2025 16:55:13 Europe/Berlin] PHP Warning:  ini_set(): Session ini settings cannot be changed when a session is active in C:\Users\SOKUON DONG\Desktop\POS-SYSTEM-G5\Routers\routers.php on line 3
[26-Apr-2025 16:55:13 Europe/Berlin] PHP Warning:  ini_set(): Session ini settings cannot be changed when a session is active in C:\Users\SOKUON DONG\Desktop\POS-SYSTEM-G5\Routers\routers.php on line 4
[26-Apr-2025 16:55:13 Europe/Berlin] PHP Warning:  ini_set(): Session ini settings cannot be changed when a session is active in C:\Users\SOKUON DONG\Desktop\POS-SYSTEM-G5\Routers\routers.php on line 5
[26-Apr-2025 16:55:13 Europe/Berlin] Database connection established to vc1_pos_system
[26-Apr-2025 16:55:13 Europe/Berlin] Database connection established to vc1_pos_system
[26-Apr-2025 16:55:13 Europe/Berlin] InventoryModel initialized
[26-Apr-2025 16:55:13 Europe/Berlin] Database connection established to vc1_pos_system
[26-Apr-2025 16:55:13 Europe/Berlin] Loading view: C:\Users\SOKUON DONG\Desktop\POS-SYSTEM-G5/views/purchase\edit.php
[26-Apr-2025 16:55:13 Europe/Berlin] Loading layout: C:\Users\SOKUON DONG\Desktop\POS-SYSTEM-G5/views/layout.php
[26-Apr-2025 16:55:13 Europe/Berlin] Database connection established to vc1_pos_system
[26-Apr-2025 16:55:13 Europe/Berlin] 404 Not Found for /purchase/edit/186
[26-Apr-2025 16:55:16 Europe/Berlin] PHP Warning:  ini_set(): Session ini settings cannot be changed when a session is active in C:\Users\SOKUON DONG\Desktop\POS-SYSTEM-G5\Routers\routers.php on line 3
[26-Apr-2025 16:55:16 Europe/Berlin] PHP Warning:  ini_set(): Session ini settings cannot be changed when a session is active in C:\Users\SOKUON DONG\Desktop\POS-SYSTEM-G5\Routers\routers.php on line 4
[26-Apr-2025 16:55:16 Europe/Berlin] PHP Warning:  ini_set(): Session ini settings cannot be changed when a session is active in C:\Users\SOKUON DONG\Desktop\POS-SYSTEM-G5\Routers\routers.php on line 5
[26-Apr-2025 16:55:16 Europe/Berlin] Database connection established to vc1_pos_system
[26-Apr-2025 16:55:16 Europe/Berlin] Database connection established to vc1_pos_system
[26-Apr-2025 16:55:16 Europe/Berlin] InventoryModel initialized
[26-Apr-2025 16:55:16 Europe/Berlin] Database connection established to vc1_pos_system
[26-Apr-2025 16:55:16 Europe/Berlin] Loading view: C:\Users\SOKUON DONG\Desktop\POS-SYSTEM-G5/views/purchase\list.php
[26-Apr-2025 16:55:16 Europe/Berlin] Database connection established to vc1_pos_system
[26-Apr-2025 16:55:16 Europe/Berlin] Loading layout: C:\Users\SOKUON DONG\Desktop\POS-SYSTEM-G5/views/layout.php
[26-Apr-2025 16:55:16 Europe/Berlin] 404 Not Found for /purchase
[26-Apr-2025 16:55:20 Europe/Berlin] PHP Warning:  ini_set(): Session ini settings cannot be changed when a session is active in C:\Users\SOKUON DONG\Desktop\POS-SYSTEM-G5\Routers\routers.php on line 3
[26-Apr-2025 16:55:20 Europe/Berlin] PHP Warning:  ini_set(): Session ini settings cannot be changed when a session is active in C:\Users\SOKUON DONG\Desktop\POS-SYSTEM-G5\Routers\routers.php on line 4
[26-Apr-2025 16:55:20 Europe/Berlin] PHP Warning:  ini_set(): Session ini settings cannot be changed when a session is active in C:\Users\SOKUON DONG\Desktop\POS-SYSTEM-G5\Routers\routers.php on line 5
[26-Apr-2025 16:55:20 Europe/Berlin] InventoryModel initialized
[26-Apr-2025 16:55:20 Europe/Berlin] Database connection established to vc1_pos_system
[26-Apr-2025 16:55:20 Europe/Berlin] Database connection established to vc1_pos_system
[26-Apr-2025 16:55:20 Europe/Berlin] Loading view: C:\Users\SOKUON DONG\Desktop\POS-SYSTEM-G5/views/inventory\list.php
[26-Apr-2025 16:55:20 Europe/Berlin] Database connection established to vc1_pos_system
[26-Apr-2025 16:55:20 Europe/Berlin] Loading layout: C:\Users\SOKUON DONG\Desktop\POS-SYSTEM-G5/views/layout.php
[26-Apr-2025 16:55:20 Europe/Berlin] 404 Not Found for /inventory
[26-Apr-2025 16:55:23 Europe/Berlin] PHP Warning:  ini_set(): Session ini settings cannot be changed when a session is active in C:\Users\SOKUON DONG\Desktop\POS-SYSTEM-G5\Routers\routers.php on line 3
[26-Apr-2025 16:55:23 Europe/Berlin] PHP Warning:  ini_set(): Session ini settings cannot be changed when a session is active in C:\Users\SOKUON DONG\Desktop\POS-SYSTEM-G5\Routers\routers.php on line 4
[26-Apr-2025 16:55:23 Europe/Berlin] PHP Warning:  ini_set(): Session ini settings cannot be changed when a session is active in C:\Users\SOKUON DONG\Desktop\POS-SYSTEM-G5\Routers\routers.php on line 5
[26-Apr-2025 16:55:23 Europe/Berlin] Database connection established to vc1_pos_system
[26-Apr-2025 16:55:23 Europe/Berlin] Loading view: C:\Users\SOKUON DONG\Desktop\POS-SYSTEM-G5/views/products\list.php
[26-Apr-2025 16:55:23 Europe/Berlin] Database connection established to vc1_pos_system
[26-Apr-2025 16:55:23 Europe/Berlin] Loading layout: C:\Users\SOKUON DONG\Desktop\POS-SYSTEM-G5/views/layout.php
[26-Apr-2025 16:55:23 Europe/Berlin] 404 Not Found for /products
[26-Apr-2025 16:55:24 Europe/Berlin] PHP Warning:  ini_set(): Session ini settings cannot be changed when a session is active in C:\Users\SOKUON DONG\Desktop\POS-SYSTEM-G5\Routers\routers.php on line 3
[26-Apr-2025 16:55:24 Europe/Berlin] PHP Warning:  ini_set(): Session ini settings cannot be changed when a session is active in C:\Users\SOKUON DONG\Desktop\POS-SYSTEM-G5\Routers\routers.php on line 4
[26-Apr-2025 16:55:24 Europe/Berlin] PHP Warning:  ini_set(): Session ini settings cannot be changed when a session is active in C:\Users\SOKUON DONG\Desktop\POS-SYSTEM-G5\Routers\routers.php on line 5
[26-Apr-2025 16:55:24 Europe/Berlin] Database connection established to vc1_pos_system
[26-Apr-2025 16:55:24 Europe/Berlin] 404 Not Found for /products/syncQuantity
[26-Apr-2025 16:55:31 Europe/Berlin] PHP Warning:  ini_set(): Session ini settings cannot be changed when a session is active in C:\Users\SOKUON DONG\Desktop\POS-SYSTEM-G5\Routers\routers.php on line 3
[26-Apr-2025 16:55:31 Europe/Berlin] PHP Warning:  ini_set(): Session ini settings cannot be changed when a session is active in C:\Users\SOKUON DONG\Desktop\POS-SYSTEM-G5\Routers\routers.php on line 4
[26-Apr-2025 16:55:31 Europe/Berlin] PHP Warning:  ini_set(): Session ini settings cannot be changed when a session is active in C:\Users\SOKUON DONG\Desktop\POS-SYSTEM-G5\Routers\routers.php on line 5
[26-Apr-2025 16:55:31 Europe/Berlin] Database connection established to vc1_pos_system
[26-Apr-2025 16:55:31 Europe/Berlin] 404 Not Found for /products/syncQuantity
[26-Apr-2025 16:56:10 Europe/Berlin] PHP Warning:  ini_set(): Session ini settings cannot be changed when a session is active in C:\Users\SOKUON DONG\Desktop\POS-SYSTEM-G5\Routers\routers.php on line 3
[26-Apr-2025 16:56:10 Europe/Berlin] PHP Warning:  ini_set(): Session ini settings cannot be changed when a session is active in C:\Users\SOKUON DONG\Desktop\POS-SYSTEM-G5\Routers\routers.php on line 4
[26-Apr-2025 16:56:10 Europe/Berlin] PHP Warning:  ini_set(): Session ini settings cannot be changed when a session is active in C:\Users\SOKUON DONG\Desktop\POS-SYSTEM-G5\Routers\routers.php on line 5
[26-Apr-2025 16:56:10 Europe/Berlin] Database connection established to vc1_pos_system
[26-Apr-2025 16:56:10 Europe/Berlin] Loading view: C:\Users\SOKUON DONG\Desktop\POS-SYSTEM-G5/views/products\list.php
[26-Apr-2025 16:56:10 Europe/Berlin] Database connection established to vc1_pos_system
[26-Apr-2025 16:56:10 Europe/Berlin] Loading layout: C:\Users\SOKUON DONG\Desktop\POS-SYSTEM-G5/views/layout.php
[26-Apr-2025 16:56:10 Europe/Berlin] 404 Not Found for /products
[26-Apr-2025 16:56:12 Europe/Berlin] PHP Warning:  ini_set(): Session ini settings cannot be changed when a session is active in C:\Users\SOKUON DONG\Desktop\POS-SYSTEM-G5\Routers\routers.php on line 3
[26-Apr-2025 16:56:12 Europe/Berlin] PHP Warning:  ini_set(): Session ini settings cannot be changed when a session is active in C:\Users\SOKUON DONG\Desktop\POS-SYSTEM-G5\Routers\routers.php on line 4
[26-Apr-2025 16:56:12 Europe/Berlin] PHP Warning:  ini_set(): Session ini settings cannot be changed when a session is active in C:\Users\SOKUON DONG\Desktop\POS-SYSTEM-G5\Routers\routers.php on line 5
[26-Apr-2025 16:56:12 Europe/Berlin] Database connection established to vc1_pos_system
[26-Apr-2025 16:56:12 Europe/Berlin] 404 Not Found for /products/syncQuantity
[26-Apr-2025 16:57:03 Europe/Berlin] PHP Warning:  ini_set(): Session ini settings cannot be changed when a session is active in C:\Users\SOKUON DONG\Desktop\POS-SYSTEM-G5\Routers\routers.php on line 3
[26-Apr-2025 16:57:03 Europe/Berlin] PHP Warning:  ini_set(): Session ini settings cannot be changed when a session is active in C:\Users\SOKUON DONG\Desktop\POS-SYSTEM-G5\Routers\routers.php on line 4
[26-Apr-2025 16:57:03 Europe/Berlin] PHP Warning:  ini_set(): Session ini settings cannot be changed when a session is active in C:\Users\SOKUON DONG\Desktop\POS-SYSTEM-G5\Routers\routers.php on line 5
[26-Apr-2025 16:57:03 Europe/Berlin] Database connection established to vc1_pos_system
[26-Apr-2025 16:57:03 Europe/Berlin] Loading view: C:\Users\SOKUON DONG\Desktop\POS-SYSTEM-G5/views/products\list.php
[26-Apr-2025 16:57:03 Europe/Berlin] Database connection established to vc1_pos_system
[26-Apr-2025 16:57:03 Europe/Berlin] Loading layout: C:\Users\SOKUON DONG\Desktop\POS-SYSTEM-G5/views/layout.php
[26-Apr-2025 16:57:03 Europe/Berlin] 404 Not Found for /products
[26-Apr-2025 16:57:04 Europe/Berlin] PHP Warning:  ini_set(): Session ini settings cannot be changed when a session is active in C:\Users\SOKUON DONG\Desktop\POS-SYSTEM-G5\Routers\routers.php on line 3
[26-Apr-2025 16:57:04 Europe/Berlin] PHP Warning:  ini_set(): Session ini settings cannot be changed when a session is active in C:\Users\SOKUON DONG\Desktop\POS-SYSTEM-G5\Routers\routers.php on line 4
[26-Apr-2025 16:57:04 Europe/Berlin] PHP Warning:  ini_set(): Session ini settings cannot be changed when a session is active in C:\Users\SOKUON DONG\Desktop\POS-SYSTEM-G5\Routers\routers.php on line 5
[26-Apr-2025 16:57:04 Europe/Berlin] Database connection established to vc1_pos_system
[26-Apr-2025 16:57:04 Europe/Berlin] 404 Not Found for /products/syncQuantity
[26-Apr-2025 16:57:11 Europe/Berlin] PHP Warning:  ini_set(): Session ini settings cannot be changed when a session is active in C:\Users\SOKUON DONG\Desktop\POS-SYSTEM-G5\Routers\routers.php on line 3
[26-Apr-2025 16:57:11 Europe/Berlin] PHP Warning:  ini_set(): Session ini settings cannot be changed when a session is active in C:\Users\SOKUON DONG\Desktop\POS-SYSTEM-G5\Routers\routers.php on line 4
[26-Apr-2025 16:57:11 Europe/Berlin] PHP Warning:  ini_set(): Session ini settings cannot be changed when a session is active in C:\Users\SOKUON DONG\Desktop\POS-SYSTEM-G5\Routers\routers.php on line 5
[26-Apr-2025 16:57:11 Europe/Berlin] Database connection established to vc1_pos_system
[26-Apr-2025 16:57:11 Europe/Berlin] 404 Not Found for /products/syncQuantity
